<?xml version="1.0" encoding="UTF-8"?>
<!-- Generated by org.testng.reporters.JUnitReportReporter -->
<testsuite hostname="Thirumalesh" failures="0" tests="1" name="com.actitime.testscript.UserModule" time="1.756" errors="0" timestamp="2025-09-27T06:52:28 IST" skipped="0">
  <testcase classname="com.actitime.testscript.UserModule" name="createUser" time="1.756">
    <system-out>
      <![CDATA[createUser]]>
    </system-out>
  </testcase> <!-- createUser -->
  <system-out>
    <![CDATA[openBrowser
login
createProject
logout
closeBrowser
openBrowser
login
createCustomer
logout
closeBrowser
openBrowser
login
createUser
logout
closeBrowser]]>
  </system-out>
</testsuite> <!-- com.actitime.testscript.UserModule -->
