<?xml version="1.0" encoding="UTF-8"?>
<!-- Generated by org.testng.reporters.JUnitReportReporter -->
<testsuite hostname="Thirumalesh" failures="0" tests="1" name="POM_Class.DemoLogin_Exe3" time="8.148" errors="0" timestamp="2025-10-09T20:18:50 IST" skipped="0">
  <testcase classname="POM_Class.DemoLogin_Exe3" name="demo" time="8.148"/>
</testsuite> <!-- POM_Class.DemoLogin_Exe3 -->
