<?xml version="1.0" encoding="UTF-8"?>
<!-- Generated by org.testng.reporters.JUnitReportReporter -->
<testsuite hostname="Thirumalesh" failures="0" tests="1" name="POM_Class.Demo_login_exe_1" time="1.839" errors="0" timestamp="2025-10-09T19:30:48 IST" skipped="0">
  <testcase classname="POM_Class.Demo_login_exe_1" name="demo" time="1.839"/>
</testsuite> <!-- POM_Class.Demo_login_exe_1 -->
