<?xml version="1.0" encoding="UTF-8"?>
<!-- Generated by org.testng.reporters.JUnitReportReporter -->
<testsuite hostname="Thirumalesh" failures="0" tests="2" name="com.actitime.testscript.DemoA" time="2.485" errors="0" timestamp="2025-10-07T12:26:07 IST" skipped="1">
  <testcase classname="com.actitime.testscript.DemoA" name="demoA" time="2.485"/>
  <testcase classname="com.actitime.testscript.DemoA" name="demo">
    <skipped/>
  </testcase> <!-- demo -->
</testsuite> <!-- com.actitime.testscript.DemoA -->
