<?xml version="1.0" encoding="UTF-8"?>
<!-- Generated by org.testng.reporters.JUnitReportReporter -->
<testsuite hostname="Thirumalesh" failures="0" tests="2" name="basics.learn_Parameterization_XML" time="10.799" errors="0" timestamp="2025-10-17T13:30:18 IST" skipped="0">
  <testcase classname="basics.learn_Parameterization_XML" name="demoA" time="6.183"/>
  <testcase classname="basics.learn_Parameterization_XML" name="demoA" time="4.616"/>
</testsuite> <!-- basics.learn_Parameterization_XML -->
