<?xml version="1.0" encoding="UTF-8"?>
<!-- Generated by org.testng.reporters.JUnitReportReporter -->
<testsuite hostname="Thirumalesh" failures="0" tests="2" name="testNG_.Instagram_verify_titleandLoginButton" time="11.864" errors="0" timestamp="2025-09-25T12:14:53 IST" skipped="0">
  <testcase classname="testNG_.Instagram_verify_titleandLoginButton" name="demoA" time="8.359"/>
  <testcase classname="testNG_.Instagram_verify_titleandLoginButton" name="toValidateLoginButton" time="3.505"/>
</testsuite> <!-- testNG_.Instagram_verify_titleandLoginButton -->
