<?xml version="1.0" encoding="UTF-8"?>
<!-- Generated by org.testng.reporters.JUnitReportReporter -->
<testsuite hostname="Thirumalesh" failures="0" tests="1" name="com.actitime.testscript.ProjectModule" time="1.670" errors="0" timestamp="2025-09-27T06:52:28 IST" skipped="0">
  <testcase classname="com.actitime.testscript.ProjectModule" name="createProject" time="1.670">
    <system-out>
      <![CDATA[createProject]]>
    </system-out>
  </testcase> <!-- createProject -->
  <system-out>
    <![CDATA[openBrowser
login
createProject
logout
closeBrowser
openBrowser
login
createCustomer
logout
closeBrowser
openBrowser
login
createUser
logout
closeBrowser]]>
  </system-out>
</testsuite> <!-- com.actitime.testscript.ProjectModule -->
