<?xml version="1.0" encoding="UTF-8"?>
<!-- Generated by org.testng.reporters.JUnitReportReporter -->
<testsuite hostname="Thirumalesh" failures="0" tests="3" name="testNG_.Demo_testNG" time="0.032" errors="0" timestamp="2025-09-23T18:48:03 IST" skipped="0">
  <testcase classname="testNG_.Demo_testNG" name="demoC" time="0.010"/>
  <testcase classname="testNG_.Demo_testNG" name="demoB" time="0.008">
    <system-out>
      <![CDATA[Welcome to JAVA]]>
    </system-out>
  </testcase> <!-- demoB -->
  <testcase classname="testNG_.Demo_testNG" name="demoA" time="0.014">
    <system-out>
      <![CDATA[Hello world]]>
    </system-out>
  </testcase> <!-- demoA -->
  <system-out>
    <![CDATA[Hello world
Welcome to JAVA]]>
  </system-out>
</testsuite> <!-- testNG_.Demo_testNG -->
